◇ injected env (0) from .env // tip: ◈ encrypted .env [www.dotenvx.com]
[23:08:12.756] [32mINFO[39m (16732): [36mStartup environment validation passed[39m
[23:08:13.252] [32mINFO[39m (16732): [36mDatabase connectivity check passed[39m
[23:08:13.261] [32mINFO[39m (16732): [36mServer listening[39m
    [35mport[39m: 3000
[23:08:38.019] [32mINFO[39m (16732): [36mrequest completed[39m
    [35mreq[39m: {
      "id": 2,
      "method": "GET",
      "url": "/robots.txt"
    }
    [35mres[39m: {
      "statusCode": 200
    }
    [35mresponseTime[39m: 5
[23:08:38.385] [32mINFO[39m (16732): [36mrequest completed[39m
    [35mreq[39m: {
      "id": 1,
      "method": "GET",
      "url": "/"
    }
    [35mres[39m: {
      "statusCode": 200
    }
    [35mresponseTime[39m: 396
[23:08:38.485] [32mINFO[39m (16732): [36mrequest completed[39m
    [35mreq[39m: {
      "id": 3,
      "method": "GET",
      "url": "/sitemap.xml"
    }
    [35mres[39m: {
      "statusCode": 200
    }
    [35mresponseTime[39m: 399
[23:09:14.442] [32mINFO[39m (16732): [36mrequest completed[39m
    [35mreq[39m: {
      "id": 4,
      "method": "GET",
      "url": "/api/articles/my-first-article"
    }
    [35mres[39m: {
      "statusCode": 200
    }
    [35mresponseTime[39m: 492
[23:16:08.526] [32mINFO[39m (16732): [36mrequest completed[39m
    [35mreq[39m: {
      "id": 5,
      "method": "GET",
      "url": "/api/articles/my-first-article"
    }
    [35mres[39m: {
      "statusCode": 200
    }
    [35mresponseTime[39m: 1087
[23:20:14.260] [32mINFO[39m (16732): [36mrequest completed[39m
    [35mreq[39m: {
      "id": 6,
      "method": "GET",
      "url": "/api/articles/my-first-article"
    }
    [35mres[39m: {
      "statusCode": 200
    }
    [35mresponseTime[39m: 476
[23:49:33.701] [32mINFO[39m (16732): [36mrequest completed[39m
    [35mreq[39m: {
      "id": 7,
      "method": "GET",
      "url": "/"
    }
    [35mres[39m: {
      "statusCode": 200
    }
    [35mresponseTime[39m: 1075
[23:49:33.792] [32mINFO[39m (16732): [36mrequest completed[39m
    [35mreq[39m: {
      "id": 8,
      "method": "GET",
      "url": "/favicon.ico"
    }
    [35mres[39m: {
      "statusCode": 404
    }
    [35mresponseTime[39m: 7
[23:52:59.484] [32mINFO[39m (16732): [36mrequest completed[39m
    [35mreq[39m: {
      "id": 9,
      "method": "GET",
      "url": "/api/articles/my-first-article"
    }
    [35mres[39m: {
      "statusCode": 200
    }
    [35mresponseTime[39m: 491
[23:53:43.750] [32mINFO[39m (16732): [36mrequest completed[39m
    [35mreq[39m: {
      "id": 10,
      "method": "GET",
      "url": "/api/categories"
    }
    [35mres[39m: {
      "statusCode": 200
    }
    [35mresponseTime[39m: 408
[23:53:43.795] [32mINFO[39m (16732): [36mrequest completed[39m
    [35mreq[39m: {
      "id": 11,
      "method": "GET",
      "url": "/api/articles"
    }
    [35mres[39m: {
      "statusCode": 200
    }
    [35mresponseTime[39m: 437
[23:53:50.165] [32mINFO[39m (16732): [36mrequest completed[39m
    [35mreq[39m: {
      "id": 12,
      "method": "GET",
      "url": "/api/articles/my-first-article"
    }
    [35mres[39m: {
      "statusCode": 200
    }
    [35mresponseTime[39m: 150
[23:53:55.166] [32mINFO[39m (16732): [36mrequest completed[39m
    [35mreq[39m: {
      "id": 13,
      "method": "GET",
      "url": "/api/articles/featured"
    }
    [35mres[39m: {
      "statusCode": 200
    }
    [35mresponseTime[39m: 53
[23:53:55.513] [32mINFO[39m (16732): [36mrequest completed[39m
    [35mreq[39m: {
      "id": 14,
      "method": "GET",
      "url": "/api/articles/stats"
    }
    [35mres[39m: {
      "statusCode": 200
    }
    [35mresponseTime[39m: 398
[23:54:31.190] [32mINFO[39m (16732): [36mrequest completed[39m
    [35mreq[39m: {
      "id": 15,
      "method": "GET",
      "url": "/api/portfolio"
    }
    [35mres[39m: {
      "statusCode": 200
    }
    [35mresponseTime[39m: 375
[23:54:34.103] [32mINFO[39m (16732): [36mrequest completed[39m
    [35mreq[39m: {
      "id": 16,
      "method": "GET",
      "url": "/api/species"
    }
    [35mres[39m: {
      "statusCode": 200
    }
    [35mresponseTime[39m: 54
[23:54:39.423] [32mINFO[39m (16732): [36mrequest completed[39m
    [35mreq[39m: {
      "id": 17,
      "method": "GET",
      "url": "/api/categories"
    }
    [35mres[39m: {
      "statusCode": 304
    }
    [35mresponseTime[39m: 50
[23:54:39.804] [32mINFO[39m (16732): [36mrequest completed[39m
    [35mreq[39m: {
      "id": 18,
      "method": "GET",
      "url": "/api/articles"
    }
    [35mres[39m: {
      "statusCode": 200
    }
    [35mresponseTime[39m: 429
[23:54:40.062] [32mINFO[39m (16732): [36mrequest completed[39m
    [35mreq[39m: {
      "id": 19,
      "method": "GET",
      "url": "/api/articles/featured"
    }
    [35mres[39m: {
      "statusCode": 200
    }
    [35mresponseTime[39m: 49
[23:54:40.680] [32mINFO[39m (16732): [36mrequest completed[39m
    [35mreq[39m: {
      "id": 20,
      "method": "GET",
      "url": "/api/articles/stats"
    }
    [35mres[39m: {
      "statusCode": 200
    }
    [35mresponseTime[39m: 352
[23:54:41.088] [32mINFO[39m (16732): [36mrequest completed[39m
    [35mreq[39m: {
      "id": 21,
      "method": "GET",
      "url": "/api/categories"
    }
    [35mres[39m: {
      "statusCode": 304
    }
    [35mresponseTime[39m: 50
[23:54:41.446] [32mINFO[39m (16732): [36mrequest completed[39m
    [35mreq[39m: {
      "id": 22,
      "method": "GET",
      "url": "/api/articles"
    }
    [35mres[39m: {
      "statusCode": 304
    }
    [35mresponseTime[39m: 101
[23:54:44.370] [32mINFO[39m (16732): [36mrequest completed[39m
    [35mreq[39m: {
      "id": 23,
      "method": "GET",
      "url": "/api/articles/featured"
    }
    [35mres[39m: {
      "statusCode": 304
    }
    [35mresponseTime[39m: 53
[23:54:44.719] [32mINFO[39m (16732): [36mrequest completed[39m
    [35mreq[39m: {
      "id": 24,
      "method": "GET",
      "url": "/api/articles/stats"
    }
    [35mres[39m: {
      "statusCode": 304
    }
    [35mresponseTime[39m: 399
[00:00:02.096] [32mINFO[39m (16732): [36mrequest completed[39m
    [35mreq[39m: {
      "id": 25,
      "method": "GET",
      "url": "/api/articles/featured"
    }
    [35mres[39m: {
      "statusCode": 304
    }
    [35mresponseTime[39m: 372
[00:00:02.109] [32mINFO[39m (16732): [36mrequest completed[39m
    [35mreq[39m: {
      "id": 26,
      "method": "GET",
      "url": "/api/articles/stats"
    }
    [35mres[39m: {
      "statusCode": 304
    }
    [35mresponseTime[39m: 370
[00:00:04.207] [32mINFO[39m (16732): [36mrequest completed[39m
    [35mreq[39m: {
      "id": 27,
      "method": "GET",
      "url": "/api/articles/featured"
    }
    [35mres[39m: {
      "statusCode": 304
    }
    [35mresponseTime[39m: 50
[00:00:04.521] [32mINFO[39m (16732): [36mrequest completed[39m
    [35mreq[39m: {
      "id": 28,
      "method": "GET",
      "url": "/api/articles/stats"
    }
    [35mres[39m: {
      "statusCode": 304
    }
    [35mresponseTime[39m: 56
