
  [32m[1mVITE[22m v7.3.2[39m  [2mready in [0m[1m1052[22m[2m[0m ms[22m

  [32m➜[39m  [1mLocal[22m:   [36mhttp://localhost:[1m5173[22m/[39m
  [32m➜[39m  [1mNetwork[22m: [36mhttp://192.168.0.163:[1m5173[22m/[39m
[2m10:57:12 pm[22m [36m[1m[vite][22m[39m [90m[2m(client)[22m[39m [32mpage reload [39m[2mindex.html[22m
[2m10:57:12 pm[22m [36m[1m[vite][22m[39m [90m[2m(client)[22m[39m [32mpage reload [39m[2mindex.html[22m
[2m10:57:12 pm[22m [36m[1m[vite][22m[39m [90m[2m(client)[22m[39m [32mhmr update [39m[2m/src/pages/ArticleReader.tsx, /src/components/layout/Layout.tsx, /src/index.css[22m
[2m10:57:12 pm[22m [36m[1m[vite][22m[39m [90m[2m(client)[22m[39m [32mhmr update [39m[2m/src/components/layout/Footer.tsx, /src/index.css[22m
[2m10:57:12 pm[22m [36m[1m[vite][22m[39m [90m[2m(client)[22m[39m [32mhmr update [39m[2m/src/pages/Home.tsx, /src/index.css[22m
[2m10:57:12 pm[22m [36m[1m[vite][22m[39m [90m[2m(client)[22m[39m [32mhmr update [39m[2m/src/components/layout/Layout.tsx, /src/index.css[22m
[2m10:57:12 pm[22m [36m[1m[vite][22m[39m [90m[2m(client)[22m[39m [32mhmr update [39m[2m/src/components/layout/Navbar.tsx, /src/index.css[22m
[2m10:57:12 pm[22m [36m[1m[vite][22m[39m [90m[2m(client)[22m[39m [32mhmr update [39m[2m/src/pages/Newsletter.tsx, /src/index.css[22m
[2m10:57:47 pm[22m [36m[1m[vite][22m[39m [90m[2m(client)[22m[39m [32mhmr update [39m[2m/src/components/layout/Footer.tsx, /src/index.css[22m
[2m10:57:47 pm[22m [36m[1m[vite][22m[39m [90m[2m(client)[22m[39m [32mhmr update [39m[2m/src/pages/Newsletter.tsx, /src/index.css[22m
[2m10:59:41 pm[22m [36m[1m[vite][22m[39m [90m[2m(client)[22m[39m [32mpage reload [39m[2mindex.html[22m
[2m10:59:41 pm[22m [36m[1m[vite][22m[39m [90m[2m(client)[22m[39m [32mhmr update [39m[2m/src/pages/ArticleReader.tsx, /src/components/layout/Layout.tsx, /src/index.css[22m
[2m10:59:41 pm[22m [36m[1m[vite][22m[39m [90m[2m(client)[22m[39m [32mhmr update [39m[2m/src/components/layout/Footer.tsx, /src/index.css[22m
[2m10:59:41 pm[22m [36m[1m[vite][22m[39m [90m[2m(client)[22m[39m [32mhmr update [39m[2m/src/components/layout/Layout.tsx, /src/index.css[22m
[2m10:59:41 pm[22m [36m[1m[vite][22m[39m [90m[2m(client)[22m[39m [32mhmr update [39m[2m/src/pages/Home.tsx, /src/index.css[22m
[2m10:59:41 pm[22m [36m[1m[vite][22m[39m [90m[2m(client)[22m[39m [32mhmr update [39m[2m/src/components/layout/Navbar.tsx, /src/index.css[22m
[2m10:59:41 pm[22m [36m[1m[vite][22m[39m [90m[2m(client)[22m[39m [32mhmr update [39m[2m/src/pages/Newsletter.tsx, /src/index.css[22m
[2m11:00:37 pm[22m [36m[1m[vite][22m[39m [90m[2m(client)[22m[39m [32mhmr update [39m[2m/src/pages/ArticleReader.tsx, /src/index.css[22m
[2m11:05:11 pm[22m [36m[1m[vite][22m[39m [90m[2m(client)[22m[39m [32mpage reload [39m[2mindex.html[22m
[2m11:05:11 pm[22m [36m[1m[vite][22m[39m [90m[2m(client)[22m[39m [32mhmr update [39m[2m/src/pages/ArticleReader.tsx, /src/components/layout/Layout.tsx, /src/pages/ArticleReader.tsx?t=fixhook, /src/index.css[22m
[2m11:40:28 pm[22m [36m[1m[vite][22m[39m [90m[2m(client)[22m[39m [32mhmr update [39m[2m/src/pages/ArticleReader.tsx, /src/components/layout/Layout.tsx, /src/pages/ArticleReader.tsx?t=fixhook, /src/index.css[22m
[2m11:52:33 pm[22m [36m[1m[vite][22m[39m [90m[2m(client)[22m[39m [32mhmr update [39m[2m/src/pages/ArticleReader.tsx, /src/components/layout/Layout.tsx, /src/pages/ArticleReader.tsx?t=fixhook, /src/index.css[22m
